2025-06-16 07:58:44,406 - INFO - 训练配置: Config(data_dir='./data', target_root_dir='./trash', model_save_path='./models/resnet18_0.01_source.pth', num_classes=4, learning_rate=0.01, num_epochs=25, batch_size=32, num_workers=0, pretrained=False, device='cpu')
2025-06-16 07:58:44,406 - INFO - 使用设备: cpu
2025-06-16 07:58:44,412 - INFO - 训练集大小: 2233, 验证集大小: 604
2025-06-16 07:58:44,543 - INFO - 初始化模型 ResNet18，类别数: 4, 预训练: False
2025-06-16 07:58:58,079 - INFO - 训练 Epoch: 0 [1600/2233 (71%)] 损失: 1.184141
2025-06-16 07:59:03,499 - INFO - Epoch 0/24, 平均损失: 1.2585
2025-06-16 07:59:06,450 - INFO - 验证集: 平均损失: 2.0199, 准确率: 364/604 (60%)
2025-06-16 07:59:21,767 - INFO - 训练 Epoch: 1 [1600/2233 (71%)] 损失: 1.060590
2025-06-16 07:59:27,694 - INFO - Epoch 1/24, 平均损失: 0.9059
2025-06-16 07:59:30,189 - INFO - 验证集: 平均损失: 0.6070, 准确率: 473/604 (78%)
2025-06-16 07:59:44,999 - INFO - 训练 Epoch: 2 [1600/2233 (71%)] 损失: 0.881014
2025-06-16 07:59:50,902 - INFO - Epoch 2/24, 平均损失: 0.7267
2025-06-16 07:59:53,369 - INFO - 验证集: 平均损失: 0.5264, 准确率: 489/604 (81%)
2025-06-16 08:00:07,946 - INFO - 训练 Epoch: 3 [1600/2233 (71%)] 损失: 0.640905
2025-06-16 08:00:14,113 - INFO - Epoch 3/24, 平均损失: 0.6085
2025-06-16 08:00:16,627 - INFO - 验证集: 平均损失: 0.9736, 准确率: 398/604 (66%)
2025-06-16 08:00:31,840 - INFO - 训练 Epoch: 4 [1600/2233 (71%)] 损失: 0.299481
2025-06-16 08:00:37,774 - INFO - Epoch 4/24, 平均损失: 0.4483
2025-06-16 08:00:40,737 - INFO - 验证集: 平均损失: 0.5583, 准确率: 487/604 (81%)
2025-06-16 08:00:58,171 - INFO - 训练 Epoch: 5 [1600/2233 (71%)] 损失: 0.644820
2025-06-16 08:01:05,179 - INFO - Epoch 5/24, 平均损失: 0.5370
2025-06-16 08:01:08,391 - INFO - 验证集: 平均损失: 1.3232, 准确率: 408/604 (68%)
2025-06-16 08:01:25,882 - INFO - 训练 Epoch: 6 [1600/2233 (71%)] 损失: 0.165646
2025-06-16 08:01:32,975 - INFO - Epoch 6/24, 平均损失: 0.3654
2025-06-16 08:01:36,160 - INFO - 验证集: 平均损失: 0.3057, 准确率: 547/604 (91%)
2025-06-16 08:01:53,419 - INFO - 训练 Epoch: 7 [1600/2233 (71%)] 损失: 0.163681
2025-06-16 08:02:00,270 - INFO - Epoch 7/24, 平均损失: 0.2690
2025-06-16 08:02:03,379 - INFO - 验证集: 平均损失: 0.4195, 准确率: 521/604 (86%)
2025-06-16 08:02:21,611 - INFO - 训练 Epoch: 8 [1600/2233 (71%)] 损失: 0.252536
2025-06-16 08:02:28,961 - INFO - Epoch 8/24, 平均损失: 0.1735
2025-06-16 08:02:32,066 - INFO - 验证集: 平均损失: 0.2847, 准确率: 562/604 (93%)
2025-06-16 08:02:49,748 - INFO - 训练 Epoch: 9 [1600/2233 (71%)] 损失: 0.095468
2025-06-16 08:02:55,648 - INFO - Epoch 9/24, 平均损失: 0.1986
2025-06-16 08:02:58,183 - INFO - 验证集: 平均损失: 0.2660, 准确率: 559/604 (93%)
2025-06-16 08:03:12,915 - INFO - 训练 Epoch: 10 [1600/2233 (71%)] 损失: 0.010581
2025-06-16 08:03:18,892 - INFO - Epoch 10/24, 平均损失: 0.1261
2025-06-16 08:03:21,398 - INFO - 验证集: 平均损失: 0.3748, 准确率: 547/604 (91%)
2025-06-16 08:03:36,741 - INFO - 训练 Epoch: 11 [1600/2233 (71%)] 损失: 0.133072
2025-06-16 08:03:42,731 - INFO - Epoch 11/24, 平均损失: 0.1251
2025-06-16 08:03:45,193 - INFO - 验证集: 平均损失: 0.2849, 准确率: 554/604 (92%)
2025-06-16 08:04:01,198 - INFO - 训练 Epoch: 12 [1600/2233 (71%)] 损失: 0.046664
2025-06-16 08:04:07,782 - INFO - Epoch 12/24, 平均损失: 0.0974
2025-06-16 08:04:10,447 - INFO - 验证集: 平均损失: 0.5582, 准确率: 512/604 (85%)
2025-06-16 08:04:27,233 - INFO - 训练 Epoch: 13 [1600/2233 (71%)] 损失: 0.048910
2025-06-16 08:04:34,294 - INFO - Epoch 13/24, 平均损失: 0.1251
2025-06-16 08:04:37,711 - INFO - 验证集: 平均损失: 0.2982, 准确率: 552/604 (91%)
2025-06-16 08:04:55,749 - INFO - 训练 Epoch: 14 [1600/2233 (71%)] 损失: 0.066413
2025-06-16 08:05:06,219 - INFO - Epoch 14/24, 平均损失: 0.0722
2025-06-16 08:05:10,386 - INFO - 验证集: 平均损失: 0.3446, 准确率: 565/604 (94%)
2025-06-16 08:05:32,003 - INFO - 训练 Epoch: 15 [1600/2233 (71%)] 损失: 0.186218
2025-06-16 08:05:40,261 - INFO - Epoch 15/24, 平均损失: 0.1052
2025-06-16 08:05:43,551 - INFO - 验证集: 平均损失: 0.3493, 准确率: 559/604 (93%)
2025-06-16 08:06:01,526 - INFO - 训练 Epoch: 16 [1600/2233 (71%)] 损失: 0.168457
2025-06-16 08:06:08,294 - INFO - Epoch 16/24, 平均损失: 0.1218
2025-06-16 08:06:10,960 - INFO - 验证集: 平均损失: 0.2796, 准确率: 562/604 (93%)
2025-06-16 08:06:27,772 - INFO - 训练 Epoch: 17 [1600/2233 (71%)] 损失: 0.028240
2025-06-16 08:06:34,558 - INFO - Epoch 17/24, 平均损失: 0.0729
2025-06-16 08:06:37,279 - INFO - 验证集: 平均损失: 0.4006, 准确率: 557/604 (92%)
2025-06-16 08:06:54,317 - INFO - 训练 Epoch: 18 [1600/2233 (71%)] 损失: 0.031795
2025-06-16 08:07:00,814 - INFO - Epoch 18/24, 平均损失: 0.0877
2025-06-16 08:07:03,730 - INFO - 验证集: 平均损失: 0.3557, 准确率: 565/604 (94%)
2025-06-16 08:07:20,895 - INFO - 训练 Epoch: 19 [1600/2233 (71%)] 损失: 0.110378
2025-06-16 08:07:27,524 - INFO - Epoch 19/24, 平均损失: 0.0636
2025-06-16 08:07:30,254 - INFO - 验证集: 平均损失: 0.2923, 准确率: 564/604 (93%)
2025-06-16 08:07:47,364 - INFO - 训练 Epoch: 20 [1600/2233 (71%)] 损失: 0.014065
2025-06-16 08:07:54,081 - INFO - Epoch 20/24, 平均损失: 0.0341
2025-06-16 08:07:56,763 - INFO - 验证集: 平均损失: 0.3037, 准确率: 570/604 (94%)
2025-06-16 08:08:12,674 - INFO - 训练 Epoch: 21 [1600/2233 (71%)] 损失: 0.005806
2025-06-16 08:08:20,571 - INFO - Epoch 21/24, 平均损失: 0.0346
2025-06-16 08:08:23,336 - INFO - 验证集: 平均损失: 0.3339, 准确率: 572/604 (95%)
2025-06-16 08:08:40,850 - INFO - 训练 Epoch: 22 [1600/2233 (71%)] 损失: 0.049830
2025-06-16 08:08:47,522 - INFO - Epoch 22/24, 平均损失: 0.0311
2025-06-16 08:08:50,204 - INFO - 验证集: 平均损失: 0.3182, 准确率: 573/604 (95%)
2025-06-16 08:09:07,419 - INFO - 训练 Epoch: 23 [1600/2233 (71%)] 损失: 0.019783
2025-06-16 08:09:14,780 - INFO - Epoch 23/24, 平均损失: 0.0353
2025-06-16 08:09:17,864 - INFO - 验证集: 平均损失: 0.3692, 准确率: 570/604 (94%)
2025-06-16 08:09:33,936 - INFO - 训练 Epoch: 24 [1600/2233 (71%)] 损失: 0.072016
2025-06-16 08:09:40,293 - INFO - Epoch 24/24, 平均损失: 0.0406
2025-06-16 08:09:43,063 - INFO - 验证集: 平均损失: 0.3274, 准确率: 567/604 (94%)
2025-06-16 08:09:43,218 - INFO - 模型已保存至 ./models/resnet18_0.01_source.pth
2025-06-16 08:09:43,232 - INFO - 移动图像 data/val/Cyclone/120.jpg 到 trash/Cyclone/120.jpg
2025-06-16 08:09:43,233 - INFO - 移动图像 data/val/Cyclone/165.jpg 到 trash/Cyclone/165.jpg
2025-06-16 08:09:43,234 - INFO - 移动图像 data/val/Cyclone/363.jpg 到 trash/Cyclone/363.jpg
2025-06-16 08:09:43,235 - INFO - 移动图像 data/val/Cyclone/472.jpg 到 trash/Cyclone/472.jpg
2025-06-16 08:09:43,236 - INFO - 移动图像 data/val/Cyclone/541.jpg 到 trash/Cyclone/541.jpg
2025-06-16 08:09:43,241 - INFO - 移动图像 data/val/Cyclone/83.jpg 到 trash/Cyclone/83.jpg
2025-06-16 08:09:43,246 - INFO - 移动图像 data/val/Earthquake/1323.jpg 到 trash/Earthquake/1323.jpg
2025-06-16 08:09:43,247 - INFO - 移动图像 data/val/Earthquake/378.jpg 到 trash/Earthquake/378.jpg
2025-06-16 08:09:43,249 - INFO - 移动图像 data/val/Earthquake/663.jpg 到 trash/Earthquake/663.jpg
2025-06-16 08:09:43,249 - INFO - 移动图像 data/val/Earthquake/985.jpg 到 trash/Earthquake/985.jpg
2025-06-16 08:09:43,252 - INFO - 移动图像 data/val/Flood/14.jpg 到 trash/Flood/14.jpg
2025-06-16 08:09:43,256 - INFO - 移动图像 data/val/Flood/267.jpg 到 trash/Flood/267.jpg
2025-06-16 08:09:43,257 - INFO - 移动图像 data/val/Flood/309.jpg 到 trash/Flood/309.jpg
2025-06-16 08:09:43,260 - INFO - 移动图像 data/val/Flood/317.jpg 到 trash/Flood/317.jpg
2025-06-16 08:09:43,262 - INFO - 移动图像 data/val/Flood/389.jpg 到 trash/Flood/389.jpg
2025-06-16 08:09:43,263 - INFO - 移动图像 data/val/Flood/394.jpg 到 trash/Flood/394.jpg
2025-06-16 08:09:43,264 - INFO - 移动图像 data/val/Flood/405.jpg 到 trash/Flood/405.jpg
2025-06-16 08:09:43,266 - INFO - 移动图像 data/val/Flood/463.jpg 到 trash/Flood/463.jpg
2025-06-16 08:09:43,267 - INFO - 移动图像 data/val/Flood/489.jpg 到 trash/Flood/489.jpg
2025-06-16 08:09:43,268 - INFO - 移动图像 data/val/Flood/507.jpg 到 trash/Flood/507.jpg
2025-06-16 08:09:43,269 - INFO - 移动图像 data/val/Flood/526.jpg 到 trash/Flood/526.jpg
2025-06-16 08:09:43,269 - INFO - 移动图像 data/val/Flood/60.jpg 到 trash/Flood/60.jpg
2025-06-16 08:09:43,270 - INFO - 移动图像 data/val/Flood/798.jpg 到 trash/Flood/798.jpg
2025-06-16 08:09:43,270 - INFO - 移动图像 data/val/Flood/845.jpg 到 trash/Flood/845.jpg
2025-06-16 08:09:43,270 - INFO - 移动图像 data/val/Flood/921.jpg 到 trash/Flood/921.jpg
2025-06-16 08:09:43,272 - INFO - 移动图像 data/val/Flood/939.jpg 到 trash/Flood/939.jpg
2025-06-16 08:09:43,273 - INFO - 移动图像 data/val/Flood/984.jpg 到 trash/Flood/984.jpg
2025-06-16 08:09:43,278 - INFO - 移动图像 data/val/Wildfire/1055.jpg 到 trash/Wildfire/1055.jpg
2025-06-16 08:09:43,278 - INFO - 移动图像 data/val/Wildfire/159.jpg 到 trash/Wildfire/159.jpg
2025-06-16 08:09:43,280 - INFO - 移动图像 data/val/Wildfire/407.jpg 到 trash/Wildfire/407.jpg
2025-06-16 08:09:43,282 - INFO - 移动图像 data/val/Wildfire/464.jpg 到 trash/Wildfire/464.jpg
2025-06-16 08:09:43,282 - INFO - 移动图像 data/val/Wildfire/486.jpg 到 trash/Wildfire/486.jpg
2025-06-16 08:09:43,282 - INFO - 移动图像 data/val/Wildfire/640.jpg 到 trash/Wildfire/640.jpg
2025-06-16 08:09:43,283 - INFO - 移动图像 data/val/Wildfire/876.jpg 到 trash/Wildfire/876.jpg
2025-06-16 08:09:43,283 - INFO - 移动图像 data/val/Wildfire/895.jpg 到 trash/Wildfire/895.jpg
2025-06-16 08:09:43,286 - INFO - 移动图像 data/val/Wildfire/952.jpg 到 trash/Wildfire/952.jpg
2025-06-16 08:09:43,288 - INFO - 移动图像 data/val/Wildfire/991.jpg 到 trash/Wildfire/991.jpg
2025-06-16 08:09:43,288 - INFO - 所有错误预测图像已处理
